<?xml version="1.0" encoding="UTF-8"?>
<testng-results skipped="0" failed="0" total="1" passed="1">
  <reporter-output>
  </reporter-output>
  <suite name="com.seleniumnew.Apitestpayslips.AppTest" duration-ms="21" started-at="2019-01-22T07:06:25Z" finished-at="2019-01-22T07:06:25Z">
    <groups>
    </groups>
    <test name="Command line test" duration-ms="21" started-at="2019-01-22T07:06:25Z" finished-at="2019-01-22T07:06:25Z">
      <class name="com.seleniumnew.Apitestpayslips.AppTest">
        <test-method status="PASS" signature="testApp()[pri:0, instance:com.seleniumnew.Apitestpayslips.AppTest@6aaa5eb0]" name="testApp" duration-ms="12" started-at="2019-01-22T12:36:25Z" finished-at="2019-01-22T12:36:25Z">
          <reporter-output>
          </reporter-output>
        </test-method> <!-- testApp -->
      </class> <!-- com.seleniumnew.Apitestpayslips.AppTest -->
    </test> <!-- Command line test -->
  </suite> <!-- com.seleniumnew.Apitestpayslips.AppTest -->
</testng-results>
